C51 COMPILER V9.60.0.0   BUZZER                                                            06/20/2026 00:07:47 PAGE 1   


C51 COMPILER V9.60.0.0, COMPILATION OF MODULE BUZZER
OBJECT MODULE PLACED IN .\Objects\buzzer.obj
COMPILER INVOKED BY: E:\Keil\C51\BIN\C51.EXE src\buzzer.c OPTIMIZE(8,SPEED) BROWSE INCDIR(.\inc) DEBUG OBJECTEXTEND PRIN
                    -T(.\Listings\buzzer.lst) TABS(2) OBJECT(.\Objects\buzzer.obj)

line level    source

   1          /**
   2           * buzzer.c - 蜂鸣器驱动模块
   3           *
   4           * 有源蜂鸣器 (P1.5, 低电平触发)。
   5           * 阻塞式告警音: 5 次短鸣 (每鸣约 300 周期高低翻转), 间隔 100ms。
   6           *
   7           * 注意: Beep_Alarm() 在倒计时归零时调用, 会阻塞主循环约 1 秒,
   8           *       在此时间内 Timer0 ISR 仍继续运行 (数码管扫描不中断)。
   9           */
  10          #include "config.h"
  11          #include "buzzer.h"
  12          
  13          static void DelayMS(unsigned int ms)
  14          {
  15   1        unsigned int i, j;
  16   1        for (i = ms; i > 0; i--)
  17   1        {
  18   2          for (j = 110; j> 0; j--);
  19   2        }
  20   1      }
  21          
  22          void Beep_Alarm() 
  23          {
  24   1        unsigned int i, j;
  25   1        for (j = 0; j < 5; j++) 
  26   1        {
  27   2          for (i = 0; i < 300; i++) 
  28   2          {
  29   3            BUZZER = 1;
  30   3            DelayMS(1);
  31   3            BUZZER = 0;
  32   3            DelayMS(1);
  33   3          }
  34   2          
  35   2          DelayMS(100);
  36   2        }
  37   1        
  38   1        BUZZER = 0;
  39   1      }


MODULE INFORMATION:   STATIC OVERLAYABLE
   CODE SIZE        =     86    ----
   CONSTANT SIZE    =   ----    ----
   XDATA SIZE       =   ----    ----
   PDATA SIZE       =   ----    ----
   DATA SIZE        =   ----    ----
   IDATA SIZE       =   ----    ----
   BIT SIZE         =   ----    ----
END OF MODULE INFORMATION.


C51 COMPILATION COMPLETE.  0 WARNING(S),  0 ERROR(S)
