C51 COMPILER V9.60.0.0   MAIN                                                              06/20/2026 00:07:47 PAGE 1   


C51 COMPILER V9.60.0.0, COMPILATION OF MODULE MAIN
OBJECT MODULE PLACED IN .\Objects\main.obj
COMPILER INVOKED BY: E:\Keil\C51\BIN\C51.EXE src\main.c OPTIMIZE(8,SPEED) BROWSE INCDIR(.\inc) DEBUG OBJECTEXTEND PRINT(
                    -.\Listings\main.lst) TABS(2) OBJECT(.\Objects\main.obj)

line level    source

   1          /*
   2            ЗЌЧбжгжїГЬађШыПк
   3            БрвыЛЗОГЃКKeil 5
   4            жїПиаОЦЌ: STC89C52RC@11.0592MHz
   5            
   6            Author: LMY
   7            Date: 2026-6-20
   8          */
   9          #include "config.h"
  10          #include "timer.h"
  11          #include "display.h"
  12          #include "button.h"
  13          #include "buzzer.h"
  14          #include "pomodoro.h"
  15          
  16          void main()
  17          {
  18   1        unsigned char btn;
  19   1        /* ---- гВМўГѕЪМЛЏ ---- */
  20   1        Timer0_Init();
  21   1        Pomodoro_Init();
  22   1        
  23   1        Update_Display_Buffer();
  24   1        
  25   1        while (1)
  26   1        {
  27   2          /* Ъ§ТыЙмЯдЪОЛКГхИќаТ */
  28   2          Update_Display_Buffer();
  29   2          
  30   2          /* АДМќЩЈУшгыЗжЗЂ */
  31   2          btn = Button_Scan();
  32   2          if (btn != BTN_NONE)
  33   2          {
  34   3            Pomodoro_HandleButton(btn);
  35   3          }
  36   2          
  37   2          /* УыТіГхДІРэ */
  38   2          if (sec_flag == 1)
  39   2          {
  40   3            sec_flag = 0;
  41   3            Pomodoro_ProcessTick();
  42   3          }
  43   2        }
  44   1      }


MODULE INFORMATION:   STATIC OVERLAYABLE
   CODE SIZE        =     31    ----
   CONSTANT SIZE    =   ----    ----
   XDATA SIZE       =   ----    ----
   PDATA SIZE       =   ----    ----
   DATA SIZE        =   ----    ----
   IDATA SIZE       =   ----    ----
   BIT SIZE         =   ----    ----
C51 COMPILER V9.60.0.0   MAIN                                                              06/20/2026 00:07:47 PAGE 2   

END OF MODULE INFORMATION.


C51 COMPILATION COMPLETE.  0 WARNING(S),  0 ERROR(S)
