C51 COMPILER V9.60.0.0   POMODORO                                                          06/20/2026 00:07:47 PAGE 1   


C51 COMPILER V9.60.0.0, COMPILATION OF MODULE POMODORO
OBJECT MODULE PLACED IN .\Objects\pomodoro.obj
COMPILER INVOKED BY: E:\Keil\C51\BIN\C51.EXE src\pomodoro.c OPTIMIZE(8,SPEED) BROWSE INCDIR(.\inc) DEBUG OBJECTEXTEND PR
                    -INT(.\Listings\pomodoro.lst) TABS(2) OBJECT(.\Objects\pomodoro.obj)

line level    source

   1          /**
   2           * pomodoro.c - ЗЌЧбжгКЫаФзДЬЌЛњ
   3           *
   4           * 8 ФЃЪНзДЬЌЙмРэЯЕЭГ, бЯИёЦЅХфвдЯТФЃЪНЙцЗЖ:
   5           *
   6           *   MODE_IDLE        (0)  ПеЯа, ЕШД§ЦєЖЏЙЄзї
   7           *   MODE_WORK_RUN    (1)  ЙЄзїЕЙМЦЪБдЫаажа
   8           *   MODE_WORK_PAUSE  (2)  ЙЄзїЕЙМЦЪБднЭЃ
   9           *   MODE_WORK_DONE   (3)  ЙЄзїЭъГЩ, ЕШД§ЦєЖЏанЯЂ
  10           *   MODE_REST_RUN    (4)  анЯЂЕЙМЦЪБдЫаажа
  11           *   MODE_REST_PAUSE  (5)  анЯЂЕЙМЦЪБднЭЃ
  12           *   MODE_SET_WORK    (6)  ЩшжУЙЄзїЪБГЄ (ЗжжгЮЛЩСЫИ)
  13           *   MODE_SET_REST    (7)  ЩшжУанЯЂЪБГЄ (УыЮЛЩСЫИ)
  14           *
  15           * зДЬЌзЊвЦЙцдђ:
  16           *   KEY_SET:    0/1/2 Ёњ 6 Ёњ 7 Ёњ 0 (б­ЛЗЧаЛЛ)
  17           *   KEY_START:  0/2 Ёњ 1,  1 Ёњ 2,  3/5 Ёњ 4,  4 Ёњ 5
  18           *   KEY_ADD:    Ні mode=6 ЪБЕнді work_time, mode=7 ЪБЕнді rest_time
  19           *               (ЗЖЮЇ 1~60, ГЌГіЛиШЦжС 1)
  20           */
  21          
  22          #include "config.h"
  23          #include "pomodoro.h"
  24          #include "button.h"
  25          #include "buzzer.h"
  26          
  27          void Pomodoro_Init()
  28          {
  29   1        mode = MODE_IDLE;
  30   1        work_time = DEFAULT_WORK_MIN;
  31   1        rest_time = DEFAULT_REST_MIN;
  32   1        min = work_time;
  33   1        sec = 0;
  34   1        BUZZER = 0;
  35   1      }
  36          
  37          void Pomodoro_HandleButton(unsigned char btn)
  38          {
  39   1        if (btn == BTN_NONE) return;
  40   1        
  41   1        if (btn == BTN_SET)
  42   1        {
  43   2        if (mode == MODE_IDLE || 
  44   2            mode == MODE_WORK_RUN || 
  45   2            mode == MODE_WORK_PAUSE) 
  46   2          {
  47   3            mode = MODE_SET_WORK;
  48   3            min  = work_time;
  49   3            sec  = 0;
  50   3          } else if (mode == MODE_SET_WORK) {
  51   3            mode = MODE_SET_REST;
  52   3            min  = rest_time;
  53   3            sec  = 0;
  54   3          } else if (mode == MODE_SET_REST) {
C51 COMPILER V9.60.0.0   POMODORO                                                          06/20/2026 00:07:47 PAGE 2   

  55   3            mode = MODE_IDLE;
  56   3            min  = work_time;
  57   3            sec  = 0;
  58   3          }
  59   2          return;
  60   2        }
  61   1        
  62   1        if (btn == BTN_ADD)
  63   1        {
  64   2          if (mode == MODE_SET_WORK)
  65   2          {
  66   3            work_time++;
  67   3            if (work_time > TIME_MAX)
  68   3            {
  69   4              work_time = TIME_MIN;
  70   4            }
  71   3            min = work_time;
  72   3          }
  73   2          else if (mode == MODE_SET_REST)
  74   2          {
  75   3            rest_time++;
  76   3            if (rest_time > TIME_MAX)
  77   3            {
  78   4              rest_time = TIME_MIN;
  79   4            }
  80   3            min = rest_time;
  81   3          }
  82   2          return;
  83   2        }
  84   1        
  85   1        if (btn == BTN_START_STOP)
  86   1        {
  87   2          if (mode == MODE_IDLE || mode == MODE_WORK_PAUSE)
  88   2          {
  89   3            mode = MODE_WORK_RUN;
  90   3          }
  91   2          else if (mode == MODE_WORK_RUN)
  92   2          {
  93   3            mode = MODE_WORK_PAUSE;
  94   3          }
  95   2          else if (mode == MODE_WORK_DONE || mode == MODE_REST_PAUSE)
  96   2          {
  97   3            mode = MODE_REST_RUN;
  98   3          }
  99   2          else if (mode == MODE_REST_RUN)
 100   2          {
 101   3            mode = MODE_REST_PAUSE;
 102   3          }
 103   2          return;
 104   2        } 
 105   1      }
 106          
 107          void Pomodoro_ProcessTick()
 108          {
 109   1        if (mode != MODE_WORK_RUN && mode != MODE_REST_RUN)
 110   1        {
 111   2          return;
 112   2        }
 113   1        
 114   1        if (sec == 0)
 115   1        {
 116   2          if (min == 0)
C51 COMPILER V9.60.0.0   POMODORO                                                          06/20/2026 00:07:47 PAGE 3   

 117   2          {
 118   3            Beep_Alarm();
 119   3            
 120   3            if (mode == MODE_WORK_RUN)
 121   3            {
 122   4              mode = MODE_WORK_DONE;
 123   4              min = rest_time;
 124   4              sec = 0;
 125   4            } 
 126   3            else 
 127   3            {
 128   4              mode = MODE_IDLE;
 129   4              min = work_time;
 130   4              sec = 0;
 131   4            }
 132   3          }
 133   2          else
 134   2          {
 135   3            min--;
 136   3            sec = 59;
 137   3          }
 138   2        }
 139   1        else 
 140   1        {
 141   2          sec--;
 142   2        }
 143   1      }


MODULE INFORMATION:   STATIC OVERLAYABLE
   CODE SIZE        =    253    ----
   CONSTANT SIZE    =   ----    ----
   XDATA SIZE       =   ----    ----
   PDATA SIZE       =   ----    ----
   DATA SIZE        =   ----    ----
   IDATA SIZE       =   ----    ----
   BIT SIZE         =   ----    ----
END OF MODULE INFORMATION.


C51 COMPILATION COMPLETE.  0 WARNING(S),  0 ERROR(S)
